@I [HLS-0] Workspace C:/Users/marcus255/Downloads/xillydemo_ise/hls-starter-1.0/hls-starter-1.0/coprocess/example opened at Wed May 18 14:15:02 +0200 2016
@I [HLS-100] Command "config_clock -quiet -name default -period 10 -default=false "
@I [SYN-201] Setting up clock 'default' with a period of 10ns.
@I [HLS-100] Command 'config_clock' returned 0; elapsed 0Total elapsed time: 3.20 sec.
@I [HLS-100] Command "open_platform DefaultPlatform "
@I [HLS-100] Command 'open_platform' returned 0; elapsed 0.02Total elapsed time: 3.50 sec.
@I [HLS-100] Command "import_lib C:/Xilinx/Vivado_HLS/2014.4/common/technology/xilinx/zynq/zynq "
@I [HLS-100] Command "source C:/Xilinx/Vivado_HLS/2014.4/common/technology/xilinx/common/xilinx.lib "
@I [HLS-100] Command "source C:/Xilinx/Vivado_HLS/2014.4/common/technology/xilinx/interface/xilinx_interface.lib "
@I [HLS-100] Command "source C:/Xilinx/Vivado_HLS/2014.4/common/technology/xilinx/interface/plb46.lib "
@I [HLS-100] Command 'ap_source' returned 0; elapsed 0Total elapsed time: 3.60 sec.
@I [HLS-100] Command "source C:/Xilinx/Vivado_HLS/2014.4/common/technology/xilinx/interface/fsl.lib "
@I [HLS-100] Command 'ap_source' returned 0; elapsed 0.01Total elapsed time: 3.70 sec.
@I [HLS-100] Command "source C:/Xilinx/Vivado_HLS/2014.4/common/technology/xilinx/interface/axi4.lib "
@I [HLS-100] Command 'ap_source' returned 0; elapsed 0Total elapsed time: 3.70 sec.
@I [HLS-100] Command "source C:/Xilinx/Vivado_HLS/2014.4/common/technology/xilinx/interface/maxi.lib "
@I [HLS-100] Command 'ap_source' returned 0; elapsed 0Total elapsed time: 3.70 sec.
@I [HLS-100] Command "source C:/Xilinx/Vivado_HLS/2014.4/common/technology/xilinx/interface/saxilite.lib "
@I [HLS-100] Command 'ap_source' returned 0; elapsed 0Total elapsed time: 3.70 sec.
@I [HLS-100] Command 'ap_source' returned 0; elapsed 0.01Total elapsed time: 3.70 sec.
@I [HLS-100] Command "source C:/Xilinx/Vivado_HLS/2014.4/common/technology/xilinx/common/dsp48.lib "
@I [HLS-100] Command 'ap_source' returned 0; elapsed 0Total elapsed time: 3.70 sec.
@I [HLS-100] Command "source C:/Xilinx/Vivado_HLS/2014.4/common/technology/xilinx/ip/xfft.lib "
@I [HLS-100] Command 'ap_source' returned 0; elapsed 0Total elapsed time: 3.70 sec.
@I [HLS-100] Command "source C:/Xilinx/Vivado_HLS/2014.4/common/technology/xilinx/ip/xfir.lib "
@I [HLS-100] Command 'ap_source' returned 0; elapsed 0.01Total elapsed time: 3.80 sec.
@I [HLS-100] Command 'ap_source' returned 0; elapsed 0.02Total elapsed time: 3.80 sec.
@I [HLS-100] Command "source C:/Xilinx/Vivado_HLS/2014.4/common/technology/xilinx/common/xilinx_old.lib "
@I [HLS-100] Command 'ap_source' returned 0; elapsed 0.01Total elapsed time: 3.90 sec.
@I [HLS-100] Command "source C:/Xilinx/Vivado_HLS/2014.4/common/technology/xilinx/common/xilinx_vivado.lib "
@I [HLS-100] Command 'ap_source' returned 0; elapsed 0Total elapsed time: 3.90 sec.
@I [HLS-100] Command "source C:/Xilinx/Vivado_HLS/2014.4/common/technology/xilinx/common/xilinx.hlp "
@I [HLS-100] Command "source C:/Xilinx/Vivado_HLS/2014.4/common/technology/xilinx/common/target_info.tcl "
@I [HLS-100] Command 'ap_source' returned 0; elapsed 0Total elapsed time: 3.100 sec.
@I [HLS-100] Command "source C:/Xilinx/Vivado_HLS/2014.4/common/technology/xilinx/interface/xilinx_interface.hlp "
@I [HLS-100] Command "source C:/Xilinx/Vivado_HLS/2014.4/common/technology/xilinx/interface/maxi.hlp "
@I [HLS-100] Command 'ap_source' returned 0; elapsed 0Total elapsed time: 3.100 sec.
@I [HLS-100] Command "source C:/Xilinx/Vivado_HLS/2014.4/common/technology/xilinx/interface/saxilite.hlp "
@I [HLS-100] Command 'ap_source' returned 0; elapsed 0.01Total elapsed time: 3.110 sec.
@I [HLS-100] Command 'ap_source' returned 0; elapsed 0.01Total elapsed time: 3.110 sec.
@I [HLS-100] Command "source C:/Xilinx/Vivado_HLS/2014.4/common/technology/xilinx/common/dsp48.hlp "
@I [HLS-100] Command 'ap_source' returned 0; elapsed 0Total elapsed time: 3.110 sec.
@I [HLS-100] Command 'ap_source' returned 0; elapsed 0.02Total elapsed time: 3.110 sec.
@I [HLS-100] Command "source C:/Xilinx/Vivado_HLS/2014.4/common/technology/xilinx/zynq/dsp48e1.hlp "
@I [HLS-100] Command 'ap_source' returned 0; elapsed 0Total elapsed time: 3.110 sec.
@I [HLS-100] Command "get_default_platform "
@I [HLS-100] Command 'get_default_platform' returned 0; elapsed 0Total elapsed time: 3.110 sec.
@I [HLS-100] Command "config_chip_info -quiet -resource  {SLICE 13300}  {LUT 53200}     {FF 106400} {DSP48E 220}   {BRAM 280}  "
@I [HLS-100] Command 'config_chip_info' returned 0; elapsed 0Total elapsed time: 3.110 sec.
@I [HLS-100] Command "config_chip_info -quiet -speed medium "
@I [HLS-100] Command 'config_chip_info' returned 0; elapsed 0Total elapsed time: 3.110 sec.
@I [HLS-100] Command 'import_lib' returned 0; elapsed 0.06Total elapsed time: 3.110 sec.
@I [HLS-100] Command "source C:/Xilinx/Vivado_HLS/2014.4/common/technology/xilinx/zynq/zynq.gen "
@I [HLS-100] Command "source C:/Xilinx/Vivado_HLS/2014.4/common/technology/xilinx/common/virtex.gen "
@I [HLS-100] Command "source C:/Xilinx/Vivado_HLS/2014.4/common/technology/xilinx/common/xilinx.gen "
@I [HLS-100] Command "source C:/Xilinx/Vivado_HLS/2014.4/common/technology/xilinx/interface/plb46.gen "
@I [HLS-100] Command 'ap_source' returned 0; elapsed 0Total elapsed time: 3.120 sec.
@I [HLS-100] Command "source C:/Xilinx/Vivado_HLS/2014.4/common/technology/xilinx/interface/fsl.gen "
@I [HLS-100] Command 'ap_source' returned 0; elapsed 0.01Total elapsed time: 3.130 sec.
@I [HLS-100] Command "source C:/Xilinx/Vivado_HLS/2014.4/common/technology/xilinx/interface/axi4.gen "
@I [HLS-100] Command 'ap_source' returned 0; elapsed 0Total elapsed time: 3.130 sec.
@I [HLS-100] Command "source C:/Xilinx/Vivado_HLS/2014.4/common/technology/xilinx/interface/nativeAXI4.gen "
@I [HLS-100] Command "source C:/Xilinx/Vivado_HLS/2014.4/common/technology/xilinx/interface/saxilite.gen "
@I [HLS-100] Command 'ap_source' returned 0; elapsed 0.01Total elapsed time: 3.140 sec.
@I [HLS-100] Command "source C:/Xilinx/Vivado_HLS/2014.4/common/technology/xilinx/interface/maxi.gen "
@I [HLS-100] Command 'ap_source' returned 0; elapsed 0.02Total elapsed time: 3.160 sec.
@I [HLS-100] Command 'ap_source' returned 0; elapsed 0.03Total elapsed time: 3.160 sec.
@I [HLS-100] Command "source C:/Xilinx/Vivado_HLS/2014.4/common/technology/xilinx/scripts/xilinxcoregen.gen "
@I [HLS-100] Command 'ap_source' returned 0; elapsed 0.02Total elapsed time: 3.180 sec.
@I [HLS-100] Command "source C:/Xilinx/Vivado_HLS/2014.4/common/technology/xilinx/interface/XilEDKCoreGen.gen "
@I [HLS-100] Command 'ap_source' returned 0; elapsed 0.03Total elapsed time: 3.210 sec.
@I [HLS-100] Command "source C:/Xilinx/Vivado_HLS/2014.4/common/technology/xilinx/ip/util.gen "
@I [HLS-100] Command 'ap_source' returned 0; elapsed 0Total elapsed time: 3.210 sec.
@I [HLS-100] Command "source C:/Xilinx/Vivado_HLS/2014.4/common/technology/xilinx/ip/xfft.gen "
@I [HLS-100] Command 'ap_source' returned 0; elapsed 0.19Total elapsed time: 3.400 sec.
@I [HLS-100] Command "source C:/Xilinx/Vivado_HLS/2014.4/common/technology/xilinx/ip/xfir.gen "
@I [HLS-100] Command "source C:/Xilinx/Vivado_HLS/2014.4/tps/tcl/tcllib1.11.1/struct/list.tcl "
@I [HLS-100] Command "source C:/Xilinx/Vivado_HLS/2014.4/tps/tcl/tcllib1.11.1/cmdline/cmdline.tcl "
@I [HLS-100] Command 'ap_source' returned 0; elapsed 0Total elapsed time: 3.460 sec.
@I [HLS-100] Command 'ap_source' returned 0; elapsed 0.01Total elapsed time: 3.460 sec.
@I [HLS-100] Command "source C:/Xilinx/Vivado_HLS/2014.4/tps/tcl/tcllib1.11.1/math/bignum.tcl "
@I [HLS-100] Command 'ap_source' returned 0; elapsed 0Total elapsed time: 3.470 sec.
@I [HLS-100] Command 'ap_source' returned 0; elapsed 0.08Total elapsed time: 3.480 sec.
@I [HLS-100] Command 'ap_source' returned 0; elapsed 0.36Total elapsed time: 3.480 sec.
@I [HLS-100] Command "source C:/Xilinx/Vivado_HLS/2014.4/common/technology/xilinx/common/dsp48.gen "
@I [HLS-100] Command 'ap_source' returned 0; elapsed 0Total elapsed time: 3.490 sec.
@I [HLS-100] Command 'ap_source' returned 0; elapsed 0.37Total elapsed time: 3.490 sec.
@I [HLS-100] Command 'ap_source' returned 0; elapsed 0.37Total elapsed time: 3.490 sec.
@I [HLS-100] Command "open_platform DefaultPlatform "
@I [HLS-100] Command 'open_platform' returned 0; elapsed 0Total elapsed time: 3.490 sec.
@I [HLS-100] Command "import_lib C:/Xilinx/Vivado_HLS/2014.4/common/technology/xilinx/zynq/zynq_fpv6 "
@I [HLS-100] Command "source C:/Xilinx/Vivado_HLS/2014.4/common/technology/xilinx/common/xilinx_fpv7.lib "
@I [HLS-100] Command 'ap_source' returned 0; elapsed 0.01Total elapsed time: 3.500 sec.
@I [HLS-100] Command "source C:/Xilinx/Vivado_HLS/2014.4/common/technology/xilinx/common/xilinx_fpv.hlp "
@I [HLS-100] Command "source C:/Xilinx/Vivado_HLS/2014.4/common/technology/xilinx/common/xilinx.hlp "
@I [HLS-100] Command "source C:/Xilinx/Vivado_HLS/2014.4/common/technology/xilinx/common/target_info.tcl "
@I [HLS-100] Command 'ap_source' returned 0; elapsed 0Total elapsed time: 3.520 sec.
@I [HLS-100] Command "source C:/Xilinx/Vivado_HLS/2014.4/common/technology/xilinx/interface/xilinx_interface.hlp "
@I [HLS-100] Command "source C:/Xilinx/Vivado_HLS/2014.4/common/technology/xilinx/interface/maxi.hlp "
@I [HLS-100] Command 'ap_source' returned 0; elapsed 0Total elapsed time: 3.520 sec.
@I [HLS-100] Command "source C:/Xilinx/Vivado_HLS/2014.4/common/technology/xilinx/interface/saxilite.hlp "
@I [HLS-100] Command 'ap_source' returned 0; elapsed 0Total elapsed time: 3.520 sec.
@I [HLS-100] Command 'ap_source' returned 0; elapsed 0Total elapsed time: 3.520 sec.
@I [HLS-100] Command "source C:/Xilinx/Vivado_HLS/2014.4/common/technology/xilinx/common/dsp48.hlp "
@I [HLS-100] Command 'ap_source' returned 0; elapsed 0Total elapsed time: 3.520 sec.
@I [HLS-100] Command 'ap_source' returned 0; elapsed 0.01Total elapsed time: 3.530 sec.
@I [HLS-100] Command 'ap_source' returned 0; elapsed 0.02Total elapsed time: 3.530 sec.
@I [HLS-100] Command 'import_lib' returned 0; elapsed 0.04Total elapsed time: 3.530 sec.
@I [HLS-100] Command "source C:/Xilinx/Vivado_HLS/2014.4/common/technology/xilinx/zynq/zynq_fpv6.gen "
@I [HLS-100] Command "source C:/Xilinx/Vivado_HLS/2014.4/common/technology/xilinx/common/xilinx_fpv6.gen "
@I [HLS-100] Command 'ap_source' returned 0; elapsed 0.01Total elapsed time: 3.540 sec.
@I [HLS-100] Command 'ap_source' returned 0; elapsed 0.01Total elapsed time: 3.540 sec.
@I [HLS-100] Command "set_part xc7z020clg400-1 "
@I [HLS-100] Command "add_library xilinx/zynq/zynq:xc7z020:clg400:-1 "
@I [HLS-100] Command "get_default_platform "
@I [HLS-100] Command 'get_default_platform' returned 0; elapsed 0Total elapsed time: 3.550 sec.
@I [HLS-100] Command "license_exists VIVADO_HLS "
@I [LICQ-103] Checked out feature [VIVADO_HLS]
@I [LIC-101] Checked out feature [VIVADO_HLS]
@I [HLS-100] Command 'license_exists' returned 0; elapsed 0Total elapsed time: 3.550 sec.
@I [HLS-100] Command "get_default_platform "
@I [HLS-100] Command 'get_default_platform' returned 0; elapsed 0Total elapsed time: 3.550 sec.
@I [HLS-100] Command "config_chip_info -quiet -resource  {SLICE 13300}  {LUT 53200}     {FF 106400} {DSP48E 220}   {BRAM 280}  "
@I [HLS-100] Command 'config_chip_info' returned 0; elapsed 0Total elapsed time: 3.550 sec.
@I [HLS-100] Command "config_chip_info -quiet -speed slow "
@I [HLS-100] Command 'config_chip_info' returned 0; elapsed 0Total elapsed time: 3.550 sec.
@I [HLS-100] Command 'add_library' returned 0; elapsed 0.01Total elapsed time: 3.560 sec.
@I [HLS-100] Command "add_library xilinx/zynq/zynq_fpv6 "
@I [HLS-100] Command "get_default_platform "
@I [HLS-100] Command 'get_default_platform' returned 0; elapsed 0Total elapsed time: 3.560 sec.
@I [HLS-100] Command "license_exists VIVADO_HLS "
@I [HLS-100] Command 'license_exists' returned 0; elapsed 0Total elapsed time: 3.560 sec.
@I [HLS-100] Command 'add_library' returned 0; elapsed 0.01Total elapsed time: 3.570 sec.
@I [HLS-10] Setting target device to 'xc7z020clg400-1'
@I [HLS-100] Command 'set_part' returned 0; elapsed 0.03Total elapsed time: 3.570 sec.
@I [HLS-100] Command "get_default_platform "
@I [HLS-100] Command 'get_default_platform' returned 0; elapsed 0Total elapsed time: 3.570 sec.
@I [HLS-100] Command "config_chip_info -quiet -resource  {SLICE 13300}  {LUT 53200}     {FF 106400} {DSP48E 220}   {BRAM 280}  "
@I [HLS-100] Command 'config_chip_info' returned 0; elapsed 0Total elapsed time: 3.570 sec.
@I [HLS-100] Command "config_chip_info -quiet -speed slow "
@I [HLS-100] Command 'config_chip_info' returned 0; elapsed 0Total elapsed time: 3.570 sec.
@I [HLS-100] Command "config_autosim -O=0 -coverage=false -ignore_init=0 -setup=0 -trace_level=none "
@I [HLS-100] Command 'config_autosim' returned 0; elapsed 0Total elapsed time: 3.570 sec.
@I [HLS-100] Command "config_interface -all=ap_fifo -expose_global=1 "
@I [HLS-100] Command 'config_interface' returned 0; elapsed 0.01Total elapsed time: 3.580 sec.
@I [HLS-100] Command 'open_solution' returned 0; elapsed 0.6Total elapsed time: 3.580 sec.
@I [HLS-100] Command "set_part xc7z020clg400-1 "
@I [HLS-100] Command "add_library xilinx/zynq/zynq:xc7z020:clg400:-1 "
@I [HLS-100] Command "get_default_platform "
@I [HLS-100] Command 'get_default_platform' returned 0; elapsed 0Total elapsed time: 3.590 sec.
@I [HLS-100] Command "license_exists VIVADO_HLS "
@I [HLS-100] Command 'license_exists' returned 0; elapsed 0Total elapsed time: 3.590 sec.
@I [HLS-100] Command "get_default_platform "
@I [HLS-100] Command 'get_default_platform' returned 0; elapsed 0Total elapsed time: 3.590 sec.
@I [HLS-100] Command "config_chip_info -quiet -resource  {SLICE 13300}  {LUT 53200}     {FF 106400} {DSP48E 220}   {BRAM 280}  "
@I [HLS-100] Command 'config_chip_info' returned 0; elapsed 0Total elapsed time: 3.590 sec.
@I [HLS-100] Command "config_chip_info -quiet -speed slow "
@I [HLS-100] Command 'config_chip_info' returned 0; elapsed 0Total elapsed time: 3.590 sec.
@I [HLS-100] Command 'add_library' returned 0; elapsed 0Total elapsed time: 3.590 sec.
@I [HLS-100] Command "add_library xilinx/zynq/zynq_fpv6 "
@I [HLS-100] Command "get_default_platform "
@I [HLS-100] Command 'get_default_platform' returned 0; elapsed 0Total elapsed time: 3.600 sec.
@I [HLS-100] Command "license_exists VIVADO_HLS "
@I [HLS-100] Command 'license_exists' returned 0; elapsed 0Total elapsed time: 3.600 sec.
@I [HLS-100] Command 'add_library' returned 0; elapsed 0.01Total elapsed time: 3.600 sec.
@I [HLS-100] Command 'set_part' returned 0; elapsed 0.02Total elapsed time: 3.600 sec.
@I [HLS-100] Command "create_clock -period 10 -name default "
@I [HLS-100] Command 'create_clock' returned 0; elapsed 0Total elapsed time: 3.600 sec.
@I [HLS-100] Command "config_interface -all ap_fifo -expose_global "
@I [HLS-100] Command 'config_interface' returned 0; elapsed 0Total elapsed time: 3.600 sec.
@I [HLS-100] Command "source ./coprocess/example/directives.tcl "
@I [HLS-100] Command 'ap_source' returned 0; elapsed 0.01Total elapsed time: 3.610 sec.
@I [HLS-100] Command "csynth_design "
@I [HLS-100] Command "elaborate -effort=medium -skip_syncheck=0 -lm=0 -skip_cdt=0 -skip_transform=0 -ng=0 -g=0 -opt_fp=0 "
@I [HLS-10] Analyzing design file 'coprocess/example/src/xilly_debug.c' ... 
@0 [HLS-0] Analyzing design file 'coprocess/example/src/xilly_debug.c' ... 
@I [HLS-0] Compiling one TU...
@I [HLS-0] 
Checking before pre-process: exec clang -fno-limit-debug-info -gcc-toolchain "C:/Xilinx/Vivado_HLS/2014.4/msys" -hls    -D "__asm__(...)=" -fno-math-errno -c -emit-llvm -O0  -mllvm -disable-llvm-optzns -std=gnu89   -DAESL_SYN -D__SYNTHESIS__ -D__HLS_SYN__ -I "C:/Xilinx/Vivado_HLS/2014.4/common/technology/autopilot" -I "C:/Xilinx/Vivado_HLS/2014.4/common/technology/autopilot/ap_sysc" -include etc/autopilot_ssdm_op.h -D__cdecl=  "coprocess/example/src/xilly_debug.c"  -o "C:/Users/marcus255/Downloads/xillydemo_ise/hls-starter-1.0/hls-starter-1.0/coprocess/example/.autopilot/db/xilly_debug.pp.00.o"

@I [HLS-0] Syntax Checker time: 0 seconds per iteration
@I [HLS-0] 
Source preprocessing: exec clang -fno-limit-debug-info -gcc-toolchain "C:/Xilinx/Vivado_HLS/2014.4/msys" -hls -fno-exceptions  -D__llvm__  -CC -E "coprocess/example/src/xilly_debug.c"     -D "__asm__(...)=" -fno-math-errno -c -emit-llvm -O0  -mllvm -disable-llvm-optzns -std=gnu89   -DAESL_SYN -D__SYNTHESIS__ -D__HLS_SYN__ -I "C:/Xilinx/Vivado_HLS/2014.4/common/technology/autopilot" -I "C:/Xilinx/Vivado_HLS/2014.4/common/technology/autopilot/ap_sysc" -include etc/autopilot_ssdm_op.h -D__cdecl= -D "__asm__(...)="  -o "C:/Users/marcus255/Downloads/xillydemo_ise/hls-starter-1.0/hls-starter-1.0/coprocess/example/.autopilot/db/xilly_debug.pp.0.c"

@I [HLS-0] GCC PP time: 0 seconds per iteration
@I [HLS-100] Command "list_core -type functional_unit "
@I [HLS-100] Command 'list_core' returned 0; elapsed 0Total elapsed time: 3.970 sec.
@I [HLS-0] Marker-Pragma convertor: C:/Users/marcus255/Downloads/xillydemo_ise/hls-starter-1.0/hls-starter-1.0/coprocess/example/.autopilot/db/xilly_debug.pp.0.c C:/Users/marcus255/Downloads/xillydemo_ise/hls-starter-1.0/hls-starter-1.0/coprocess/example/.autopilot/db/xilly_debug.pp.0.c.ap-line.c C:/Users/marcus255/Downloads/xillydemo_ise/hls-starter-1.0/hls-starter-1.0/coprocess/example/.autopilot/db/xilly_debug.pp.0.c.ap-line.c.CXX 1
@I [HLS-0] 
Source processor: exec C:/Xilinx/Vivado_HLS/2014.4/tps/win32/jre/bin/java -Xmx512m -classpath   "C:/Xilinx/Vivado_HLS/2014.4/lib/classes/autopilot.sourceprocessor.jar;C:/Xilinx/Vivado_HLS/2014.4/lib/classes/org.eclipse.cdt.core_5.3.0.xilinx_patch.jar;C:/Xilinx/Vivado_HLS/2014.4/lib/classes/org.eclipse.core.runtime_3.7.0.v20110110.jar;C:/Xilinx/Vivado_HLS/2014.4/lib/classes/org.eclipse.equinox.common_3.6.0.v20110523.jar;C:/Xilinx/Vivado_HLS/2014.4/lib/classes/com.ibm.icu_4.4.2.v20110208.jar;C:/Xilinx/Vivado_HLS/2014.4/lib/classes/jargs.jar;C:/Xilinx/Vivado_HLS/2014.4/win32/tools/eclipse/plugins/org.eclipse.emf.common_2.10.0.v20140514-1158.jar;C:/Xilinx/Vivado_HLS/2014.4/win32/tools/eclipse/plugins/org.eclipse.emf.ecore_2.10.0.v20140514-1158.jar;C:/Xilinx/Vivado_HLS/2014.4/win32/tools/eclipse/plugins/org.eclipse.emf.ecore.xmi_2.10.0.v20140514-1158.jar;C:/Xilinx/Vivado_HLS/2014.4/win32/tools/eclipse/plugins/com.autoesl.autopilot.ui.directiveFileModel_1.0.0.jar;C:/Xilinx/Vivado_HLS/2014.4/win32/tools/eclipse/plugins/com.autoesl.autopilot.ui.common_1.0.0.jar"  autopilot.sourceprocessor.CParser  "C:/Users/marcus255/Downloads/xillydemo_ise/hls-starter-1.0/hls-starter-1.0/coprocess/example/.autopilot/db/xilly_debug.pp.0.c.ap-line.c"  -m "xillybus_wrapper" -o "C:/Users/marcus255/Downloads/xillydemo_ise/hls-starter-1.0/hls-starter-1.0/coprocess/example/.autopilot/db/xilly_debug.pp.0.c.ap-cdt.c" -c --ad --pc --pp --directive C:/Users/marcus255/Downloads/xillydemo_ise/hls-starter-1.0/hls-starter-1.0/coprocess/example/example.directive --source C:/Users/marcus255/Downloads/xillydemo_ise/hls-starter-1.0/hls-starter-1.0/coprocess/example/src/xilly_debug.c --error C:/Users/marcus255/Downloads/xillydemo_ise/hls-starter-1.0/hls-starter-1.0/coprocess/example/.autopilot/db --funcunit "AddSub AddSub_DSP AddSubnS DAddSub_fulldsp DAddSub_nodsp DDiv DExp_fulldsp DExp_meddsp DExp_nodsp DLog_fulldsp DLog_meddsp DLog_nodsp DMul_fulldsp DMul_maxdsp DMul_meddsp DMul_nodsp DRSqrt DRecip DSqrt DivnS FAddSub_fulldsp FAddSub_nodsp FDiv FExp_fulldsp FExp_meddsp FExp_nodsp FLog_fulldsp FLog_meddsp FLog_nodsp FMul_fulldsp FMul_maxdsp FMul_meddsp FMul_nodsp FRSqrt_fulldsp FRSqrt_nodsp FRecip_fulldsp FRecip_nodsp FSqrt Mul Mul2S Mul3S Mul4S Mul5S Mul6S MulnS" --lp --ca --gf --df --pd --p2d C:/Users/marcus255/Downloads/xillydemo_ise/hls-starter-1.0/hls-starter-1.0/coprocess/example/.autopilot/db --sd --scff C:/Users/marcus255/Downloads/xillydemo_ise/hls-starter-1.0/hls-starter-1.0/coprocess/example/.autopilot/db/.systemc_flag

@I [HLS-0] Marker-Pragma convertor: C:/Users/marcus255/Downloads/xillydemo_ise/hls-starter-1.0/hls-starter-1.0/coprocess/example/.autopilot/db/xilly_debug.pp.0.c.ap-cdt.c C:/Users/marcus255/Downloads/xillydemo_ise/hls-starter-1.0/hls-starter-1.0/coprocess/example/.autopilot/db/xilly_debug.pragma.0.c C:/Users/marcus255/Downloads/xillydemo_ise/hls-starter-1.0/hls-starter-1.0/coprocess/example/.autopilot/db/xilly_debug.pragma.0.c.ap-line.CXX 0
@I [HLS-100] Command "source C:/Users/marcus255/Downloads/xillydemo_ise/hls-starter-1.0/hls-starter-1.0/coprocess/example/.autopilot/db/pragma.status.tcl "
@I [HLS-100] Command 'ap_source' returned 0; elapsed 0Total elapsed time: 6.140 sec.
@I [HLS-0] CDT processor time: 2 seconds per iteration
@I [HLS-0] Pragma handling time: 0 seconds per iteration
@I [HLS-0] 
Source preprocessing: exec clang -fno-limit-debug-info -gcc-toolchain "C:/Xilinx/Vivado_HLS/2014.4/msys" -hls -fno-exceptions  -D__llvm__  -CC -E "C:/Users/marcus255/Downloads/xillydemo_ise/hls-starter-1.0/hls-starter-1.0/coprocess/example/.autopilot/db/xilly_debug.pragma.1.c"     -D "__asm__(...)=" -fno-math-errno -c -emit-llvm -O0  -mllvm -disable-llvm-optzns -std=gnu89   -DAESL_SYN -D__SYNTHESIS__ -D__HLS_SYN__ -I "C:/Xilinx/Vivado_HLS/2014.4/common/technology/autopilot" -I "C:/Xilinx/Vivado_HLS/2014.4/common/technology/autopilot/ap_sysc" -include etc/autopilot_ssdm_op.h -D__cdecl= -D "__asm__(...)="  -o "C:/Users/marcus255/Downloads/xillydemo_ise/hls-starter-1.0/hls-starter-1.0/coprocess/example/.autopilot/db/xilly_debug.pragma.2.c"

@I [HLS-0] exec clang -fno-limit-debug-info -gcc-toolchain C:/Xilinx/Vivado_HLS/2014.4/msys -hls -fno-exceptions  -D__llvm__  -w  "C:/Users/marcus255/Downloads/xillydemo_ise/hls-starter-1.0/hls-starter-1.0/coprocess/example/.autopilot/db/xilly_debug.pragma.2.c"    -D "__asm__(...)=" -fno-math-errno -c -emit-llvm -O0  -mllvm -disable-llvm-optzns -std=gnu89  -DAESL_SYN -D__SYNTHESIS__ -D__HLS_SYN__ -I "C:/Xilinx/Vivado_HLS/2014.4/common/technology/autopilot" -I "C:/Xilinx/Vivado_HLS/2014.4/common/technology/autopilot/ap_sysc" -include etc/autopilot_ssdm_op.h -g -o "C:/Users/marcus255/Downloads/xillydemo_ise/hls-starter-1.0/hls-starter-1.0/coprocess/example/.autopilot/db/xilly_debug.g.bc"
@I [HLS-10] Analyzing design file 'coprocess/example/src/main.c' ... 
@0 [HLS-0] Analyzing design file 'coprocess/example/src/main.c' ... 
@I [HLS-0] Compiling one TU...
@I [HLS-0] 
Checking before pre-process: exec clang -fno-limit-debug-info -gcc-toolchain "C:/Xilinx/Vivado_HLS/2014.4/msys" -hls    -D "__asm__(...)=" -fno-math-errno -c -emit-llvm -O0  -mllvm -disable-llvm-optzns -std=gnu89   -DAESL_SYN -D__SYNTHESIS__ -D__HLS_SYN__ -I "C:/Xilinx/Vivado_HLS/2014.4/common/technology/autopilot" -I "C:/Xilinx/Vivado_HLS/2014.4/common/technology/autopilot/ap_sysc" -include etc/autopilot_ssdm_op.h -D__cdecl=  "coprocess/example/src/main.c"  -o "C:/Users/marcus255/Downloads/xillydemo_ise/hls-starter-1.0/hls-starter-1.0/coprocess/example/.autopilot/db/main.pp.00.o"

@I [HLS-0] Syntax Checker time: 0 seconds per iteration
@I [HLS-0] 
Source preprocessing: exec clang -fno-limit-debug-info -gcc-toolchain "C:/Xilinx/Vivado_HLS/2014.4/msys" -hls -fno-exceptions  -D__llvm__  -CC -E "coprocess/example/src/main.c"     -D "__asm__(...)=" -fno-math-errno -c -emit-llvm -O0  -mllvm -disable-llvm-optzns -std=gnu89   -DAESL_SYN -D__SYNTHESIS__ -D__HLS_SYN__ -I "C:/Xilinx/Vivado_HLS/2014.4/common/technology/autopilot" -I "C:/Xilinx/Vivado_HLS/2014.4/common/technology/autopilot/ap_sysc" -include etc/autopilot_ssdm_op.h -D__cdecl= -D "__asm__(...)="  -o "C:/Users/marcus255/Downloads/xillydemo_ise/hls-starter-1.0/hls-starter-1.0/coprocess/example/.autopilot/db/main.pp.0.c"

@I [HLS-0] GCC PP time: 0 seconds per iteration
@I [HLS-100] Command "list_core -type functional_unit "
@I [HLS-100] Command 'list_core' returned 0; elapsed 0Total elapsed time: 6.595 sec.
@I [HLS-0] Marker-Pragma convertor: C:/Users/marcus255/Downloads/xillydemo_ise/hls-starter-1.0/hls-starter-1.0/coprocess/example/.autopilot/db/main.pp.0.c C:/Users/marcus255/Downloads/xillydemo_ise/hls-starter-1.0/hls-starter-1.0/coprocess/example/.autopilot/db/main.pp.0.c.ap-line.c C:/Users/marcus255/Downloads/xillydemo_ise/hls-starter-1.0/hls-starter-1.0/coprocess/example/.autopilot/db/main.pp.0.c.ap-line.c.CXX 1
@I [HLS-0] 
Source processor: exec C:/Xilinx/Vivado_HLS/2014.4/tps/win32/jre/bin/java -Xmx512m -classpath   "C:/Xilinx/Vivado_HLS/2014.4/lib/classes/autopilot.sourceprocessor.jar;C:/Xilinx/Vivado_HLS/2014.4/lib/classes/org.eclipse.cdt.core_5.3.0.xilinx_patch.jar;C:/Xilinx/Vivado_HLS/2014.4/lib/classes/org.eclipse.core.runtime_3.7.0.v20110110.jar;C:/Xilinx/Vivado_HLS/2014.4/lib/classes/org.eclipse.equinox.common_3.6.0.v20110523.jar;C:/Xilinx/Vivado_HLS/2014.4/lib/classes/com.ibm.icu_4.4.2.v20110208.jar;C:/Xilinx/Vivado_HLS/2014.4/lib/classes/jargs.jar;C:/Xilinx/Vivado_HLS/2014.4/win32/tools/eclipse/plugins/org.eclipse.emf.common_2.10.0.v20140514-1158.jar;C:/Xilinx/Vivado_HLS/2014.4/win32/tools/eclipse/plugins/org.eclipse.emf.ecore_2.10.0.v20140514-1158.jar;C:/Xilinx/Vivado_HLS/2014.4/win32/tools/eclipse/plugins/org.eclipse.emf.ecore.xmi_2.10.0.v20140514-1158.jar;C:/Xilinx/Vivado_HLS/2014.4/win32/tools/eclipse/plugins/com.autoesl.autopilot.ui.directiveFileModel_1.0.0.jar;C:/Xilinx/Vivado_HLS/2014.4/win32/tools/eclipse/plugins/com.autoesl.autopilot.ui.common_1.0.0.jar"  autopilot.sourceprocessor.CParser  "C:/Users/marcus255/Downloads/xillydemo_ise/hls-starter-1.0/hls-starter-1.0/coprocess/example/.autopilot/db/main.pp.0.c.ap-line.c"  -m "xillybus_wrapper" -o "C:/Users/marcus255/Downloads/xillydemo_ise/hls-starter-1.0/hls-starter-1.0/coprocess/example/.autopilot/db/main.pp.0.c.ap-cdt.c" -c --ad --pc --pp --directive C:/Users/marcus255/Downloads/xillydemo_ise/hls-starter-1.0/hls-starter-1.0/coprocess/example/example.directive --source C:/Users/marcus255/Downloads/xillydemo_ise/hls-starter-1.0/hls-starter-1.0/coprocess/example/src/main.c --error C:/Users/marcus255/Downloads/xillydemo_ise/hls-starter-1.0/hls-starter-1.0/coprocess/example/.autopilot/db --funcunit "AddSub AddSub_DSP AddSubnS DAddSub_fulldsp DAddSub_nodsp DDiv DExp_fulldsp DExp_meddsp DExp_nodsp DLog_fulldsp DLog_meddsp DLog_nodsp DMul_fulldsp DMul_maxdsp DMul_meddsp DMul_nodsp DRSqrt DRecip DSqrt DivnS FAddSub_fulldsp FAddSub_nodsp FDiv FExp_fulldsp FExp_meddsp FExp_nodsp FLog_fulldsp FLog_meddsp FLog_nodsp FMul_fulldsp FMul_maxdsp FMul_meddsp FMul_nodsp FRSqrt_fulldsp FRSqrt_nodsp FRecip_fulldsp FRecip_nodsp FSqrt Mul Mul2S Mul3S Mul4S Mul5S Mul6S MulnS" --lp --ca --gf --df --pd --p2d C:/Users/marcus255/Downloads/xillydemo_ise/hls-starter-1.0/hls-starter-1.0/coprocess/example/.autopilot/db --sd --scff C:/Users/marcus255/Downloads/xillydemo_ise/hls-starter-1.0/hls-starter-1.0/coprocess/example/.autopilot/db/.systemc_flag

@I [HLS-0] Marker-Pragma convertor: C:/Users/marcus255/Downloads/xillydemo_ise/hls-starter-1.0/hls-starter-1.0/coprocess/example/.autopilot/db/main.pp.0.c.ap-cdt.c C:/Users/marcus255/Downloads/xillydemo_ise/hls-starter-1.0/hls-starter-1.0/coprocess/example/.autopilot/db/main.pragma.0.c C:/Users/marcus255/Downloads/xillydemo_ise/hls-starter-1.0/hls-starter-1.0/coprocess/example/.autopilot/db/main.pragma.0.c.ap-line.CXX 0
@I [HLS-100] Command "source C:/Users/marcus255/Downloads/xillydemo_ise/hls-starter-1.0/hls-starter-1.0/coprocess/example/.autopilot/db/pragma.status.tcl "
@I [HLS-100] Command 'ap_source' returned 0; elapsed 0.005Total elapsed time: 10.550 sec.
@I [HLS-0] CDT processor time: 3 seconds per iteration
@I [HLS-0] Pragma handling time: 0 seconds per iteration
@I [HLS-0] 
Source preprocessing: exec clang -fno-limit-debug-info -gcc-toolchain "C:/Xilinx/Vivado_HLS/2014.4/msys" -hls -fno-exceptions  -D__llvm__  -CC -E "C:/Users/marcus255/Downloads/xillydemo_ise/hls-starter-1.0/hls-starter-1.0/coprocess/example/.autopilot/db/main.pragma.1.c"     -D "__asm__(...)=" -fno-math-errno -c -emit-llvm -O0  -mllvm -disable-llvm-optzns -std=gnu89   -DAESL_SYN -D__SYNTHESIS__ -D__HLS_SYN__ -I "C:/Xilinx/Vivado_HLS/2014.4/common/technology/autopilot" -I "C:/Xilinx/Vivado_HLS/2014.4/common/technology/autopilot/ap_sysc" -include etc/autopilot_ssdm_op.h -D__cdecl= -D "__asm__(...)="  -o "C:/Users/marcus255/Downloads/xillydemo_ise/hls-starter-1.0/hls-starter-1.0/coprocess/example/.autopilot/db/main.pragma.2.c"

@I [HLS-0] exec clang -fno-limit-debug-info -gcc-toolchain C:/Xilinx/Vivado_HLS/2014.4/msys -hls -fno-exceptions  -D__llvm__  -w  "C:/Users/marcus255/Downloads/xillydemo_ise/hls-starter-1.0/hls-starter-1.0/coprocess/example/.autopilot/db/main.pragma.2.c"    -D "__asm__(...)=" -fno-math-errno -c -emit-llvm -O0  -mllvm -disable-llvm-optzns -std=gnu89  -DAESL_SYN -D__SYNTHESIS__ -D__HLS_SYN__ -I "C:/Xilinx/Vivado_HLS/2014.4/common/technology/autopilot" -I "C:/Xilinx/Vivado_HLS/2014.4/common/technology/autopilot/ap_sysc" -include etc/autopilot_ssdm_op.h -g -o "C:/Users/marcus255/Downloads/xillydemo_ise/hls-starter-1.0/hls-starter-1.0/coprocess/example/.autopilot/db/main.g.bc"
@I [HLS-10] Validating synthesis directives ...
@0 [HLS-0] Validating synthesis directives ...
@I [HLS-100] Command "source C:/Users/marcus255/Downloads/xillydemo_ise/hls-starter-1.0/hls-starter-1.0/coprocess/example/.autopilot/db/pragma.status.tcl "
@I [HLS-100] Command 'ap_source' returned 0; elapsed 0.006Total elapsed time: 11.507 sec.
@I [HLS-0] Linking all ...
@I [HLS-0] exec llvm-ld  "C:/Users/marcus255/Downloads/xillydemo_ise/hls-starter-1.0/hls-starter-1.0/coprocess/example/.autopilot/db/xilly_debug.bc" "C:/Users/marcus255/Downloads/xillydemo_ise/hls-starter-1.0/hls-starter-1.0/coprocess/example/.autopilot/db/main.bc"  -disable-opt  -LC:/Xilinx/Vivado_HLS/2014.4/win32/lib -lm_basic -o "C:/Users/marcus255/Downloads/xillydemo_ise/hls-starter-1.0/hls-starter-1.0/coprocess/example/.autopilot/db/a.o.pre"
@I [HLS-0] Link time: 0 seconds per iteration
@I [HLS-0] Linking all ...
@I [HLS-0] exec llvm-ld  "C:/Users/marcus255/Downloads/xillydemo_ise/hls-starter-1.0/hls-starter-1.0/coprocess/example/.autopilot/db/xilly_debug.g.bc" "C:/Users/marcus255/Downloads/xillydemo_ise/hls-starter-1.0/hls-starter-1.0/coprocess/example/.autopilot/db/main.g.bc"  -disable-opt  -LC:/Xilinx/Vivado_HLS/2014.4/win32/lib -lm_basic -o "C:/Users/marcus255/Downloads/xillydemo_ise/hls-starter-1.0/hls-starter-1.0/coprocess/example/.autopilot/db/a.g.pre"
@I [HLS-0] Link time: 0 seconds per iteration
@I [HLS-100] Command "opt_and_import_c a -opt_level=2 -skip_syncheck=0 -ng=0 "
@I [HLS-100] Command "cleanup_all_models "
@I [HLS-100] Command 'cleanup_all_models' returned 0; elapsed 0Total elapsed time: 12.258 sec.
@I [HLS-10] Starting code transformations ...
@0 [HLS-0] Starting code transformations ...
@I [HLS-0] std xform: transform -hls -share-std-xform -always-inline -promote-dbg-pointer  -interface-preproc  -scalarrepl -mem2reg -keep-read-access -instcombine -dce  -promote-dbg-pointer  -bitop-raise  -indvars -loop-simplify -xunroll  -constprop -instcombine -simplifycfg -indvars  -simplifycfg -dce -globaldce  -basicaa  -simplifycfg -mem2reg -globalopt  -global-constprop -deadargelim -instcombine -simplifycfg  -prune-eh -simplifycfg  -scalarrepl -instcombine -reassociate -licm  -simplifycfg -loop-simplify -indvars -instcombine  -simplifycfg -mem2reg -loop-simplify -indvars -instcombine  -gvn -gvn -instcombine -adce  -break-crit-edges  -simplifycfg -loop-delete  -global-array-opt -dce -dse -adce  -find-syn-modules -top xillybus_wrapper  -deadargelim  -mem2reg -instcombine -dce  -presyn-prepare -auto-rom-infer  -interface-preproc  -syn-check -check-rec-only  -find-region -simplifycfg -func-extr -function-inline  -mem2reg -instcombine -dce   -gvn -globaldce -adce -adse  -constprop -instcombine -bit-constprop  -instcombine -dce -simplifycfg -bitop-raise  -simplifycfg -dce -loop-delete -reassociate  -globalopt -global-privatize -mem2reg -dce  -global-constprop -pointer-simplify -constprop -dce  -func-inst -deadargelim  -promote-dbg-pointer  -norm-name   C:/Users/marcus255/Downloads/xillydemo_ise/hls-starter-1.0/hls-starter-1.0/coprocess/example/.autopilot/db/a.g.0.bc -o C:/Users/marcus255/Downloads/xillydemo_ise/hls-starter-1.0/hls-starter-1.0/coprocess/example/.autopilot/db/a.g.1.bc -f  -phase std-opt
@I [HLS-0] Std xform time: 0 seconds per iteration
@I [HLS-10] Checking synthesizability ...
@0 [HLS-0] Checking synthesizability ...
@I [HLS-0] syn check 1/2: transform -hls -syn-check -check-rec-only -disaggr -scalarrepl -norm-name -dce  -mem2reg -instcombine -function-uniquify  -directive-preproc -function-uniquify -directive-preproc -mem2reg -dse -dce -auto-rom-infer -dce  -array-normalize -instcombine -dce  -array-seg-normalize -instcombine -dce  -array-flatten -instcombine -dce  -array-burst -dce  -deadargelim -promote-global-argument  -function-inline -dce  -doublePtrSimplify -doublePtrElim -dce  -doublePtrSimplify -promote-dbg-pointer  -dce -scalarrepl -dse -adse -instcombine  -ptrLegalization  -simplifycfg -dce -instcombine  -pointer-simplify -ptrArgReplace -dce -instcombine   -disaggr -scalarrepl -norm-name -dce  -mem2reg -instcombine -ptrLegalization   -simplifycfg -deadargelim  -instcombine -dce -inst-simplify -function-uniquify  -directive-preproc -function-uniquify -directive-preproc -mem2reg -dse -dce  -globaldce    C:/Users/marcus255/Downloads/xillydemo_ise/hls-starter-1.0/hls-starter-1.0/coprocess/example/.autopilot/db/a.g.1.bc -o C:/Users/marcus255/Downloads/xillydemo_ise/hls-starter-1.0/hls-starter-1.0/coprocess/example/.autopilot/db/a.g.2.prechk.bc -f
@I [HLS-0] Syn check 1/2 time: 0 seconds per iteration
@I [HLS-0] syn check 2/2: transform -syn-check   C:/Users/marcus255/Downloads/xillydemo_ise/hls-starter-1.0/hls-starter-1.0/coprocess/example/.autopilot/db/a.g.2.prechk.bc -o C:/Users/marcus255/Downloads/xillydemo_ise/hls-starter-1.0/hls-starter-1.0/coprocess/example/.autopilot/db/a.g.2.bc -f  -phase syn-check
@I [HLS-0] Syn check 2/2 time: 0 seconds per iteration
@I [HLS-0] Compiler optimizing ...
@I [HLS-0] Share syncheck's 1.bc for syn flow: copy C:/Users/marcus255/Downloads/xillydemo_ise/hls-starter-1.0/hls-starter-1.0/coprocess/example/.autopilot/db/a.g.1.bc to C:/Users/marcus255/Downloads/xillydemo_ise/hls-starter-1.0/hls-starter-1.0/coprocess/example/.autopilot/db/a.o.1.bc
@I [HLS-0] presyn 1: transform -hls -tmp C:/Users/marcus255/Downloads/xillydemo_ise/hls-starter-1.0/hls-starter-1.0/coprocess/example/.autopilot/db -type-info -function-uniquify  -directive-preproc -function-uniquify -directive-preproc -mem2reg -dse -dce  -disaggr -scalarrepl -norm-name -deadargelim  -mem2reg -instcombine -dce -auto-rom-infer -dce -function-uniquify  -directive-preproc -function-uniquify -directive-preproc -mem2reg -dse -dce  -func-buffer -dce -array-normalize  -func-legal -instcombine -gvn -constprop -dce   -ptrArgReplace -mem2reg -instcombine -dce  -array-seg-normalize -deadargelim  -instcombine -dce  -pointer-simplify -dce  -port-alignment -dce  -interface-preproc  -data-pack -instcombine -dce   -basicaa -aggr-aa -aggrmodref-aa -aggr-aa -gvn -gvn  -basicaa -aggr-aa -aggrmodref-aa -aggr-aa -dse -adse -adce  -loop-simplify -indvars -instcombine  -gvn -loop-simplify -mem2reg -dce -simplifycfg  -find-region -instcombine  -auto-loop-pipeline  -inst-simplify  -interface-preproc  -indvars -auto-loop-unroll -loop-simplify -loop-bound -xunroll  -constprop -instcombine -simplifycfg -indvars  -simplifycfg -dce -globaldce  -gvn -disable-agg-range -inst-simplify  -constprop -simplifycfg -dce  -pointer-simplify -dce  -globalopt -constprop -dce  -array-promote -constprop -instcombine -dce -auto-par -instcombine -dce  -array-transform-check  -array-partition -instcombine -simplifycfg -dce  -ptrArgReplace -global-constprop -deadargelim -mem2reg  -func-legal -instcombine -dce -global-constprop -deadargelim -mem2reg  -instcombine -simplifycfg -dce  -array-reshape -instcombine -simplifycfg -dce   -mem-intrinsic-preproc -dce  -global-privatize  -mem2reg -globaldce  -promote-global-argument  -ptrArgReplace -mem2reg -instcombine -dce  -globalopt -mergereturn -simplify-global-access -mem2reg -dce  -pointer-simplify -dce  -functionattrs  -basicaa -aggr-aa -aggrmodref-aa -aggr-aa -gvn -gvn  -basicaa -aggr-aa -aggrmodref-aa -aggr-aa -dse -adse -adce  -inst-simplify -dce -norm-name  -function-inline  -func-inst -constprop -instcombine -simplifycfg -dce  -func-legal -dce   -directive-preproc -function-uniquify -directive-preproc -mem2reg -dse -dce  -loop-bound  -arraycheck -bitwidthmin -on-by-dataflow  -loop-delete -instcombine -simplifycfg -dce -loop-simplify -simplifycfg -loop-stream -instcombine -simplifycfg -dce -globaldce  -funstream-prep -function-stream -dce -globaldce  -array-streaming -instcombine -simplifycfg -dce    -group-axi-access    -simplifycfg -dce -loop-delete  -norm-name  C:/Users/marcus255/Downloads/xillydemo_ise/hls-starter-1.0/hls-starter-1.0/coprocess/example/.autopilot/db/a.o.1.bc -o C:/Users/marcus255/Downloads/xillydemo_ise/hls-starter-1.0/hls-starter-1.0/coprocess/example/.autopilot/db/a.o.1.tmp.bc -f
@I [HLS-0] Presyn 1 time: 0 seconds per iteration
@I [HLS-0] presyn 2: transform -hls -keep-callgraph -scalarrepl -mem2reg  -port-alignment -dce  -indvars -loop-bound  -inst-simplify -instcombine -dce  -merge-array-access -mem2reg -dce  -clean-region -mergereturn -if-conv  -instcombine -dce -constprop  -basicaa -aggr-aa -aggrmodref-aa -aggr-aa -gvn -gvn  -basicaa -aggr-aa -aggrmodref-aa -aggr-aa -dse -adse -adce  -scalarrepl -mem2reg  -global-constprop -deadargelim -deadargelim  -instcombine -dce -simplifycfg    -ptrArgReplace -mem2reg -function-inline  -mem2reg -instcombine -dce -expr-balance  -instcombine -dce  -bitwidthmin  -directive-preproc  -inst-rectify -instcombine -dce  -functionattrs  -constprop -instcombine -bit-constprop  -simplify-global-access  -globalopt -globaldce  -inst-simplify -instcombine -elimdeaddata -dce  -loop-delete -simplifycfg   -norm-name C:/Users/marcus255/Downloads/xillydemo_ise/hls-starter-1.0/hls-starter-1.0/coprocess/example/.autopilot/db/a.o.1.tmp.bc -o C:/Users/marcus255/Downloads/xillydemo_ise/hls-starter-1.0/hls-starter-1.0/coprocess/example/.autopilot/db/a.o.2.bc -f  -phase presyn
@I [HLS-0] Presyn 2 time: 0 seconds per iteration
@I [HLS-0] build ssdm: transform -hls -function-uniquify -auto-function-inline  -loop-simplify -indvars -licm -loop-dep  -loop-bound -licm -loop-simplify -flattenloopnest  -array-flatten -gvn -instcombine -dce  -array-map -dce -func-legal  -gvn -adce -instcombine -cfgopt -simplifycfg -loop-simplify   -array-burst -promote-global-argument -dce  -axi4-lower -array-seg-normalize  -basicaa -aggrmodref-aa -globalsmodref-aa -aggr-aa -gvn -gvn  -basicaa -aggrmodref-aa -globalsmodref-aa -aggr-aa -dse -adse -adce -licm  -inst-simplify -dce  -globaldce -array-streaming -instcombine  -dce   -deadargelim -doublePtrSimplify  -doublePtrElim -dce -doublePtrSimplify -promote-dbg-pointer  -dce -scalarrepl -mem2reg -disaggr -norm-name -mem2reg  -instcombine  -dse -adse -adce -ptrLegalization -dce -auto-rom-infer -array-flatten -dce -instcombine  -loop-rot -constprop -cfgopt -simplifycfg -indvars -pointer-simplify -dce -loop-bound  -loop-simplify -loop-preproc  -constprop -gvn -mem2reg -instcombine -dce  -loop-merge -dce  -bitwidthmin  -interface-preproc -interface-gen  -directive-preproc -inst-simplify -dce  -gvn -mem2reg -instcombine -dce -adse  -loop-bound  -instcombine -cfgopt -simplifycfg -loop-simplify  -clean-region -io-protocol  -find-region -mem2reg  -loop-simplify -phi-opt -bitop-raise  -inst-simplify -inst-rectify -instcombine -adce -deadargelim  -cfgopt -simplifycfg -strip-dead-prototypes  -interface-lower -bitop-lower -intrinsic-lower  -basicaa -aggrmodref-aa -globalsmodref-aa -aggr-aa  -inst-simplify -simplifycfg   -mergereturn -inst-simplify -inst-rectify  -dce -bitop-lower  -loop-rewind -pointer-simplify -dce -cfgopt  -norm-name -legalize -read-loop-dep -dce -bitwidth   -cdfg-build  C:/Users/marcus255/Downloads/xillydemo_ise/hls-starter-1.0/hls-starter-1.0/coprocess/example/.autopilot/db/a.o.2.bc -o C:/Users/marcus255/Downloads/xillydemo_ise/hls-starter-1.0/hls-starter-1.0/coprocess/example/.autopilot/db/a.o.3.bc -f  -phase build-ssdm
@I [HLS-0] Build ssdm time: 0 seconds per iteration
@I [HLS-0] Finish building internal data model.
@I [HLS-100] Command 'opt_and_import_c' returned 0; elapsed 0.703Total elapsed time: 12.961 sec.
@I [HLS-111] Elapsed time: 13.796 seconds; current memory usage: 32.3 MB.
@I [HLS-100] Command 'elaborate' returned 0; elapsed 9.356Total elapsed time: 12.966 sec.
@I [HLS-100] Command "autosyn "
@I [HLS-10] Starting hardware synthesis ...
@0 [HLS-0] Starting hardware synthesis ...
@I [HLS-0] Synthesizing C/C++ design ...
@I [HLS-10] Synthesizing 'xillybus_wrapper' ...
@0 [HLS-0] Synthesizing 'xillybus_wrapper' ...
@I [HLS-100] Command "ap_set_top_model xillybus_wrapper "
@I [HLS-100] Command 'ap_set_top_model' returned 0; elapsed 0Total elapsed time: 12.970 sec.
@I [HLS-100] Command "get_model_list xillybus_wrapper -filter all-wo-channel -topdown "
@I [HLS-100] Command 'get_model_list' returned 0; elapsed 0Total elapsed time: 12.970 sec.
@I [HLS-100] Command "preproc_iomode -model xillybus_wrapper "
@I [HLS-100] Command 'preproc_iomode' returned 0; elapsed 0.001Total elapsed time: 12.971 sec.
@I [HLS-100] Command "get_model_list xillybus_wrapper -filter all-wo-channel "
@I [HLS-100] Command 'get_model_list' returned 0; elapsed 0Total elapsed time: 12.972 sec.
@I [HLS-0] Model list for configure: xillybus_wrapper
@I [HLS-0] Configuring Module : xillybus_wrapper ...
@I [HLS-100] Command "set_default_model xillybus_wrapper "
@I [HLS-100] Command 'set_default_model' returned 0; elapsed 0Total elapsed time: 12.972 sec.
@I [HLS-100] Command "apply_spec_resource_limit xillybus_wrapper "
@I [HLS-100] Command 'apply_spec_resource_limit' returned 0; elapsed 0Total elapsed time: 12.972 sec.
@I [HLS-0] Model list for preprocess: xillybus_wrapper
@I [HLS-0] Preprocessing Module: xillybus_wrapper ...
@I [HLS-100] Command "set_default_model xillybus_wrapper "
@I [HLS-100] Command 'set_default_model' returned 0; elapsed 0Total elapsed time: 12.973 sec.
@I [HLS-100] Command "cdfg_preprocess -model xillybus_wrapper "
@I [HLS-100] Command 'cdfg_preprocess' returned 0; elapsed 0.001Total elapsed time: 12.974 sec.
@I [HLS-100] Command "rtl_gen_preprocess xillybus_wrapper "
@W [SYN-107] Renaming port name 'xillybus_wrapper/in' to 'xillybus_wrapper/in_r' to avoid conflict or HDL keywords.
@W [SYN-107] Renaming port name 'xillybus_wrapper/out' to 'xillybus_wrapper/out_r' to avoid conflict or HDL keywords.
@I [HLS-100] Command 'rtl_gen_preprocess' returned 0; elapsed 0.002Total elapsed time: 12.976 sec.
@I [HLS-0] Model list for synthesis: xillybus_wrapper
@I [HLS-10] ----------------------------------------------------------------
@0 [HLS-0] ----------------------------------------------------------------
@I [HLS-10] -- Scheduling module 'xillybus_wrapper' 
@0 [HLS-0] -- Scheduling module 'xillybus_wrapper' 
@I [HLS-10] ----------------------------------------------------------------
@0 [HLS-0] ----------------------------------------------------------------
@I [HLS-100] Command "set_default_model xillybus_wrapper "
@I [HLS-100] Command 'set_default_model' returned 0; elapsed 0Total elapsed time: 12.976 sec.
@I [HLS-100] Command "schedule -model xillybus_wrapper "
@I [SCHED-11] Starting scheduling ...
@I [SCHED-11] Finished scheduling.
@I [HLS-100] Command 'schedule' returned 0; elapsed 0.298Total elapsed time: 13.274 sec.
@I [HLS-111] Elapsed time: 0.314 seconds; current memory usage: 33 MB.
@I [HLS-100] Command "report -o C:/Users/marcus255/Downloads/xillydemo_ise/hls-starter-1.0/hls-starter-1.0/coprocess/example/.autopilot/db/xillybus_wrapper.verbose.sched.rpt -verbose -f "
@I [HLS-100] Command 'report' returned 0; elapsed 0.013Total elapsed time: 13.297 sec.
@I [HLS-100] Command "db_write -o C:/Users/marcus255/Downloads/xillydemo_ise/hls-starter-1.0/hls-starter-1.0/coprocess/example/.autopilot/db/xillybus_wrapper.sched.adb -f "
@I [HLS-100] Command 'db_write' returned 0; elapsed 0.032Total elapsed time: 13.330 sec.
@I [HLS-0] Finish scheduling xillybus_wrapper.
@I [HLS-10] ----------------------------------------------------------------
@0 [HLS-0] ----------------------------------------------------------------
@I [HLS-10] -- Exploring micro-architecture for module 'xillybus_wrapper' 
@0 [HLS-0] -- Exploring micro-architecture for module 'xillybus_wrapper' 
@I [HLS-10] ----------------------------------------------------------------
@0 [HLS-0] ----------------------------------------------------------------
@I [HLS-100] Command "set_default_model xillybus_wrapper "
@I [HLS-100] Command 'set_default_model' returned 0; elapsed 0Total elapsed time: 13.360 sec.
@I [HLS-100] Command "bind -model xillybus_wrapper "
@I [BIND-110] clear=
@I [BIND-110] debug=
@I [BIND-110] drf=
@I [BIND-110] effort=
@I [BIND-110] fast_refine=
@I [BIND-110] fu_weight=[ 0.0 -- 1.0 ]
@I [BIND-110] global_opt=
@I [BIND-110] gsearch=
@I [BIND-110] help=
@I [BIND-110] help-hidden=
@I [BIND-110] min_mem_port=
@I [BIND-110] min_op=
@I [BIND-110] minreg=
@I [BIND-110] ml=
@I [BIND-110] model=xillybus_wrapper
@I [BIND-110] no_false_path=
@I [BIND-110] no_min_op=
@I [BIND-110] normalize=
@I [BIND-110] quiet=
@I [BIND-110] refine=
@I [BIND-110] reg_weight=[ 0.0 -- 1.0 ]
@I [BIND-110] search=
@I [BIND-110] tight_delay=
@I [BIND-110] verbose=
@I [BIND-110] wFF=
@I [BIND-110] wFU=
@I [BIND-110] wMUX=
@I [BIND-110] wNET=
@I [BIND-100] Starting micro-architecture generation ...
@I [BIND-101] Performing variable lifetime analysis.
@I [BIND-101] Exploring resource sharing.
@I [BIND-101] Binding ...
@I [BIND-100] Finished micro-architecture generation.
@I [HLS-100] Command 'bind' returned 0; elapsed 0.021Total elapsed time: 13.381 sec.
@I [HLS-111] Elapsed time: 0.114 seconds; current memory usage: 33 MB.
@I [HLS-100] Command "report -o C:/Users/marcus255/Downloads/xillydemo_ise/hls-starter-1.0/hls-starter-1.0/coprocess/example/.autopilot/db/xillybus_wrapper.verbose.bind.rpt -verbose -f "
@I [HLS-100] Command 'report' returned 0; elapsed 0.017Total elapsed time: 13.412 sec.
@I [HLS-100] Command "db_write -o C:/Users/marcus255/Downloads/xillydemo_ise/hls-starter-1.0/hls-starter-1.0/coprocess/example/.autopilot/db/xillybus_wrapper.bind.adb -f "
@I [HLS-100] Command 'db_write' returned 0; elapsed 0.048Total elapsed time: 13.461 sec.
@I [HLS-0] Finish binding xillybus_wrapper.
@I [HLS-100] Command "get_model_list xillybus_wrapper -filter all-wo-channel "
@I [HLS-100] Command 'get_model_list' returned 0; elapsed 0Total elapsed time: 13.461 sec.
@I [HLS-0] Preprocessing for RTLGen ...
@I [HLS-100] Command "rtl_gen_preprocess xillybus_wrapper "
@I [HLS-100] Command 'rtl_gen_preprocess' returned 0; elapsed 0.001Total elapsed time: 13.462 sec.
@I [HLS-0] Model list for RTL generation: xillybus_wrapper
@I [HLS-10] ----------------------------------------------------------------
@0 [HLS-0] ----------------------------------------------------------------
@I [HLS-10] -- Generating RTL for module 'xillybus_wrapper' 
@0 [HLS-0] -- Generating RTL for module 'xillybus_wrapper' 
@I [HLS-10] ----------------------------------------------------------------
@0 [HLS-0] ----------------------------------------------------------------
@I [HLS-100] Command "create_rtl_model xillybus_wrapper -vendor xilinx -mg_file C:/Users/marcus255/Downloads/xillydemo_ise/hls-starter-1.0/hls-starter-1.0/coprocess/example/.autopilot/db/xillybus_wrapper.compgen.tcl "
@I [RTGEN-500] Setting interface mode on port 'xillybus_wrapper/in_r' to 'ap_fifo'.
@I [RTGEN-500] Setting interface mode on port 'xillybus_wrapper/out_r' to 'ap_fifo'.
@I [RTGEN-500] Setting interface mode on function 'xillybus_wrapper' to 'ap_ctrl_none'.
@I [RTGEN-100] Finished creating RTL model for 'xillybus_wrapper'.
@I [HLS-100] Command 'create_rtl_model' returned 0; elapsed 0.021Total elapsed time: 13.523 sec.
@I [HLS-111] Elapsed time: 0.136 seconds; current memory usage: 33 MB.
@I [HLS-100] Command "source C:/Users/marcus255/Downloads/xillydemo_ise/hls-starter-1.0/hls-starter-1.0/coprocess/example/.autopilot/db/xillybus_wrapper.rtl_wrap.cfg.tcl "
@I [HLS-100] Command 'ap_source' returned 0; elapsed 0.004Total elapsed time: 13.536 sec.
@I [HLS-100] Command "gen_rtl xillybus_wrapper -istop -style xilinx -tracefl mytrace -tracefmt vcd -traceopt all -f -lang sc -o C:/Users/marcus255/Downloads/xillydemo_ise/hls-starter-1.0/hls-starter-1.0/coprocess/example/syn/systemc/xillybus_wrapper -synmodules xillybus_wrapper "
@I [HLS-100] Command 'gen_rtl' returned 0; elapsed 0.008Total elapsed time: 13.545 sec.
@I [HLS-100] Command "gen_rtl xillybus_wrapper -istop -style xilinx -f -lang vhdl -o C:/Users/marcus255/Downloads/xillydemo_ise/hls-starter-1.0/hls-starter-1.0/coprocess/example/syn/vhdl/xillybus_wrapper "
@I [HLS-100] Command 'gen_rtl' returned 0; elapsed 0.006Total elapsed time: 13.551 sec.
@I [HLS-100] Command "gen_rtl xillybus_wrapper -istop -style xilinx -f -lang vlog -o C:/Users/marcus255/Downloads/xillydemo_ise/hls-starter-1.0/hls-starter-1.0/coprocess/example/syn/verilog/xillybus_wrapper "
@I [HLS-100] Command 'gen_rtl' returned 0; elapsed 0.006Total elapsed time: 13.557 sec.
@I [HLS-100] Command "export_constraint_db -o C:/Users/marcus255/Downloads/xillydemo_ise/hls-starter-1.0/hls-starter-1.0/coprocess/example/.autopilot/db/xillybus_wrapper.constraint.tcl -f -tool general "
@I [HLS-100] Command 'export_constraint_db' returned 0; elapsed 0.001Total elapsed time: 13.558 sec.
@I [HLS-100] Command "report -model xillybus_wrapper -o C:/Users/marcus255/Downloads/xillydemo_ise/hls-starter-1.0/hls-starter-1.0/coprocess/example/.autopilot/db/xillybus_wrapper.design.xml -verbose -f -dv "
@I [HLS-100] Command 'report' returned 0; elapsed 0.005Total elapsed time: 13.564 sec.
@I [HLS-100] Command "gen_tb_info xillybus_wrapper -o C:/Users/marcus255/Downloads/xillydemo_ise/hls-starter-1.0/hls-starter-1.0/coprocess/example/.autopilot/db/xillybus_wrapper -p C:/Users/marcus255/Downloads/xillydemo_ise/hls-starter-1.0/hls-starter-1.0/coprocess/example/.autopilot/db "
@I [HLS-100] Command 'gen_tb_info' returned 0; elapsed 0.009Total elapsed time: 13.574 sec.
@I [HLS-100] Command "report -model xillybus_wrapper -o C:/Users/marcus255/Downloads/xillydemo_ise/hls-starter-1.0/hls-starter-1.0/coprocess/example/syn/report/xillybus_wrapper_csynth.rpt -f "
@I [HLS-100] Command 'report' returned 0; elapsed 0.031Total elapsed time: 13.605 sec.
@I [HLS-100] Command "report -model xillybus_wrapper -o C:/Users/marcus255/Downloads/xillydemo_ise/hls-starter-1.0/hls-starter-1.0/coprocess/example/syn/report/xillybus_wrapper_csynth.xml -f -x "
@I [HLS-100] Command 'report' returned 0; elapsed 0.011Total elapsed time: 13.616 sec.
@I [HLS-100] Command "report -model xillybus_wrapper -o C:/Users/marcus255/Downloads/xillydemo_ise/hls-starter-1.0/hls-starter-1.0/coprocess/example/.autopilot/db/xillybus_wrapper.verbose.rpt -verbose -f "
@I [HLS-100] Command 'report' returned 0; elapsed 0.011Total elapsed time: 13.628 sec.
@I [HLS-100] Command "db_write -model xillybus_wrapper -o C:/Users/marcus255/Downloads/xillydemo_ise/hls-starter-1.0/hls-starter-1.0/coprocess/example/.autopilot/db/xillybus_wrapper.adb -f "
@I [HLS-100] Command 'db_write' returned 0; elapsed 0.022Total elapsed time: 13.651 sec.
@I [HLS-100] Command "sc_get_clocks xillybus_wrapper "
@I [HLS-100] Command 'sc_get_clocks' returned 0; elapsed 0Total elapsed time: 13.794 sec.
@I [HLS-100] Command "sc_get_portdomain xillybus_wrapper "
@I [HLS-100] Command 'sc_get_portdomain' returned 0; elapsed 0Total elapsed time: 13.794 sec.
@I [HLS-0] Model list for RTL component generation: xillybus_wrapper
@I [HLS-0] Handling components in module [xillybus_wrapper] ... 
@I [HLS-100] Command "source C:/Users/marcus255/Downloads/xillydemo_ise/hls-starter-1.0/hls-starter-1.0/coprocess/example/.autopilot/db/xillybus_wrapper.compgen.tcl "
@I [HLS-100] Command 'ap_source' returned 0; elapsed 0.007Total elapsed time: 13.881 sec.
@I [HLS-0] Append model xillybus_wrapper
@I [HLS-0] Generating RTL model list ...
@I [HLS-0] All models in this session: xillybus_wrapper
@I [HLS-0] To file: write model xillybus_wrapper
@I [HLS-0] Finished generating RTL model list.


@I [HLS-0] RTL Generation done.
@I [HLS-0] CAS Generation done.
@I [HLS-0] CBC Generation done.
@I [HLS-100] Command "export_ssdm C:/Users/marcus255/Downloads/xillydemo_ise/hls-starter-1.0/hls-starter-1.0/coprocess/example/.autopilot/db/a.export.ll "
@I [HLS-100] Command 'export_ssdm' returned 0; elapsed 0.001Total elapsed time: 13.902 sec.
@I [HLS-100] Command "source C:/Users/marcus255/Downloads/xillydemo_ise/hls-starter-1.0/hls-starter-1.0/coprocess/example/.autopilot/db/global.setting.tcl "
@I [HLS-100] Command 'ap_source' returned 0; elapsed 0.004Total elapsed time: 13.940 sec.
@I [HLS-100] Command "source C:/Xilinx/Vivado_HLS/2014.4/common/technology/generic/autopilot/common.gen "
@I [HLS-100] Command "source C:/Xilinx/Vivado_HLS/2014.4/common/technology/generic/autopilot/APCoreGen.gen "
@I [HLS-100] Command 'ap_source' returned 0; elapsed 0.003Total elapsed time: 13.947 sec.
@I [HLS-100] Command 'ap_source' returned 0; elapsed 0.006Total elapsed time: 13.948 sec.
@I [HLS-100] Command "source C:/Xilinx/Vivado_HLS/2014.4/common/technology/generic/autopilot/op.gen "
@I [HLS-100] Command 'ap_source' returned 0; elapsed 0.003Total elapsed time: 13.951 sec.
@I [HLS-100] Command "source C:/Xilinx/Vivado_HLS/2014.4/common/technology/generic/autopilot/op_simcore.gen "
@I [HLS-100] Command 'ap_source' returned 0; elapsed 0.004Total elapsed time: 13.955 sec.
@I [HLS-100] Command "source C:/Xilinx/Vivado_HLS/2014.4/common/technology/generic/autopilot/interface.gen "
@I [HLS-100] Command 'ap_source' returned 0; elapsed 0.001Total elapsed time: 13.957 sec.
@I [HLS-100] Command "source C:/Users/marcus255/Downloads/xillydemo_ise/hls-starter-1.0/hls-starter-1.0/coprocess/example/.autopilot/db/global.setting.tcl "
@I [HLS-100] Command 'ap_source' returned 0; elapsed 0.01Total elapsed time: 13.968 sec.
@I [HLS-100] Command "source C:/Xilinx/Vivado_HLS/2014.4/common/technology/xilinx/zynq/zynq.gen "
@I [HLS-100] Command "source C:/Xilinx/Vivado_HLS/2014.4/common/technology/xilinx/common/virtex.gen "
@I [HLS-100] Command "source C:/Xilinx/Vivado_HLS/2014.4/common/technology/xilinx/common/xilinx.gen "
@I [HLS-100] Command "source C:/Xilinx/Vivado_HLS/2014.4/common/technology/xilinx/interface/plb46.gen "
@I [HLS-100] Command 'ap_source' returned 0; elapsed 0.003Total elapsed time: 13.978 sec.
@I [HLS-100] Command "source C:/Xilinx/Vivado_HLS/2014.4/common/technology/xilinx/interface/fsl.gen "
@I [HLS-100] Command 'ap_source' returned 0; elapsed 0.001Total elapsed time: 13.979 sec.
@I [HLS-100] Command "source C:/Xilinx/Vivado_HLS/2014.4/common/technology/xilinx/interface/axi4.gen "
@I [HLS-100] Command 'ap_source' returned 0; elapsed 0.039Total elapsed time: 14.19 sec.
@I [HLS-100] Command "source C:/Xilinx/Vivado_HLS/2014.4/common/technology/xilinx/interface/nativeAXI4.gen "
@I [HLS-100] Command "source C:/Xilinx/Vivado_HLS/2014.4/common/technology/xilinx/interface/saxilite.gen "
@I [HLS-100] Command 'ap_source' returned 0; elapsed 0.012Total elapsed time: 14.32 sec.
@I [HLS-100] Command "source C:/Xilinx/Vivado_HLS/2014.4/common/technology/xilinx/interface/maxi.gen "
@I [HLS-100] Command 'ap_source' returned 0; elapsed 0.103Total elapsed time: 14.135 sec.
@I [HLS-100] Command 'ap_source' returned 0; elapsed 0.116Total elapsed time: 14.135 sec.
@I [HLS-100] Command "source C:/Xilinx/Vivado_HLS/2014.4/common/technology/xilinx/scripts/xilinxcoregen.gen "
@I [HLS-100] Command 'ap_source' returned 0; elapsed 0.02Total elapsed time: 14.155 sec.
@I [HLS-100] Command "source C:/Xilinx/Vivado_HLS/2014.4/common/technology/xilinx/interface/XilEDKCoreGen.gen "
@I [HLS-100] Command 'ap_source' returned 0; elapsed 0.093Total elapsed time: 14.248 sec.
@I [HLS-100] Command "source C:/Xilinx/Vivado_HLS/2014.4/common/technology/xilinx/ip/util.gen "
@I [HLS-100] Command 'ap_source' returned 0; elapsed 0.001Total elapsed time: 14.252 sec.
@I [HLS-100] Command "source C:/Xilinx/Vivado_HLS/2014.4/common/technology/xilinx/ip/xfft.gen "
@I [HLS-100] Command 'ap_source' returned 0; elapsed 0.327Total elapsed time: 14.579 sec.
@I [HLS-100] Command "source C:/Xilinx/Vivado_HLS/2014.4/common/technology/xilinx/ip/xfir.gen "
@I [HLS-100] Command 'ap_source' returned 0; elapsed 0.133Total elapsed time: 14.712 sec.
@I [HLS-100] Command 'ap_source' returned 0; elapsed 0.75Total elapsed time: 14.724 sec.
@I [HLS-100] Command "source C:/Xilinx/Vivado_HLS/2014.4/common/technology/xilinx/common/dsp48.gen "
@I [HLS-100] Command 'ap_source' returned 0; elapsed 0.001Total elapsed time: 14.763 sec.
@I [HLS-100] Command 'ap_source' returned 0; elapsed 0.794Total elapsed time: 14.763 sec.
@I [HLS-100] Command 'ap_source' returned 0; elapsed 0.794Total elapsed time: 14.763 sec.
@I [HLS-100] Command "source C:/Xilinx/Vivado_HLS/2014.4/common/technology/xilinx/zynq/zynq_fpv6.gen "
@I [HLS-100] Command "source C:/Xilinx/Vivado_HLS/2014.4/common/technology/xilinx/common/xilinx_fpv6.gen "
@I [HLS-100] Command 'ap_source' returned 0; elapsed 0.004Total elapsed time: 14.769 sec.
@I [HLS-100] Command 'ap_source' returned 0; elapsed 0.005Total elapsed time: 14.769 sec.
@I [HLS-100] Command "source C:/Users/marcus255/Downloads/xillydemo_ise/hls-starter-1.0/hls-starter-1.0/coprocess/example/.autopilot/db/global.setting.tcl "
@I [HLS-100] Command 'ap_source' returned 0; elapsed 0.008Total elapsed time: 14.855 sec.
@I [HLS-100] Command "source C:/Users/marcus255/Downloads/xillydemo_ise/hls-starter-1.0/hls-starter-1.0/coprocess/example/.autopilot/db/global.setting.tcl "
@I [HLS-100] Command 'ap_source' returned 0; elapsed 0.004Total elapsed time: 14.860 sec.
@I [HLS-100] Command "source C:/Users/marcus255/Downloads/xillydemo_ise/hls-starter-1.0/hls-starter-1.0/coprocess/example/.autopilot/db/global.setting.tcl "
@I [HLS-100] Command 'ap_source' returned 0; elapsed 0.013Total elapsed time: 14.875 sec.
@I [HLS-100] Command "source C:/Users/marcus255/Downloads/xillydemo_ise/hls-starter-1.0/hls-starter-1.0/coprocess/example/.autopilot/db/xillybus_wrapper.compgen.tcl "
@I [HLS-100] Command 'ap_source' returned 0; elapsed 0.021Total elapsed time: 14.941 sec.
@I [HLS-10] Finished generating all RTL models.
@0 [HLS-0] Finished generating all RTL models.
@I [WSYSC-301] Generating RTL SystemC for 'xillybus_wrapper'.
@I [WVHDL-304] Generating RTL VHDL for 'xillybus_wrapper'.
@I [WVLOG-307] Generating RTL Verilog for 'xillybus_wrapper'.
@I [HLS-100] Command 'autosyn' returned 0; elapsed 2.075Total elapsed time: 15.41 sec.
@I [HLS-100] Command 'csynth_design' returned 0; elapsed 11.432Total elapsed time: 15.42 sec.
@I [HLS-100] Command "cleanup_all "
@I [HLS-100] Command 'cleanup_all' returned 0; elapsed 0.003Total elapsed time: 15.45 sec.
